[debug] [2023-03-03T02:47:12.843Z] ----------------------------------------------------------------------
[debug] [2023-03-03T02:47:12.850Z] Command:       C:\Program Files\nodejs\node.exe C:\Users\LENOVO\AppData\Roaming\npm\node_modules\firebase-tools\lib\bin\firebase.js init
[debug] [2023-03-03T02:47:12.852Z] CLI Version:   11.24.0
[debug] [2023-03-03T02:47:12.853Z] Platform:      win32
[debug] [2023-03-03T02:47:12.853Z] Node Version:  v18.14.2
[debug] [2023-03-03T02:47:12.855Z] Time:          Fri Mar 03 2023 08:17:12 GMT+0530 (India Standard Time)
[debug] [2023-03-03T02:47:12.856Z] ----------------------------------------------------------------------
[debug] 
[debug] [2023-03-03T02:47:12.903Z] > command requires scopes: ["email","openid","https://www.googleapis.com/auth/cloudplatformprojects.readonly","https://www.googleapis.com/auth/firebase","https://www.googleapis.com/auth/cloud-platform"]
[debug] [2023-03-03T02:47:12.914Z] > authorizing via signed-in user (asnanp875@gmail.com)
[info] 
     ######## #### ########  ######## ########     ###     ######  ########
     ##        ##  ##     ## ##       ##     ##  ##   ##  ##       ##
     ######    ##  ########  ######   ########  #########  ######  ######
     ##        ##  ##    ##  ##       ##     ## ##     ##       ## ##
     ##       #### ##     ## ######## ########  ##     ##  ######  ########

You're about to initialize a Firebase project in this directory:

  C:\Users\LENOVO\Downloads\iPortfolio\iPortfolio

[debug] [2023-03-03T02:47:43.504Z] Error: Timed out.
    at Timeout._onTimeout (C:\Users\LENOVO\AppData\Roaming\npm\node_modules\firebase-tools\lib\utils.js:253:49)
    at listOnTimeout (node:internal/timers:569:17)
    at process.processTimers (node:internal/timers:512:7)
[error] 
[error] Error: An unexpected error has occurred.
[debug] [2023-03-03T02:47:55.926Z] ----------------------------------------------------------------------
[debug] [2023-03-03T02:47:55.932Z] Command:       C:\Program Files\nodejs\node.exe C:\Users\LENOVO\AppData\Roaming\npm\node_modules\firebase-tools\lib\bin\firebase.js init
[debug] [2023-03-03T02:47:55.934Z] CLI Version:   11.24.0
[debug] [2023-03-03T02:47:55.935Z] Platform:      win32
[debug] [2023-03-03T02:47:55.935Z] Node Version:  v18.14.2
[debug] [2023-03-03T02:47:55.936Z] Time:          Fri Mar 03 2023 08:17:55 GMT+0530 (India Standard Time)
[debug] [2023-03-03T02:47:55.938Z] ----------------------------------------------------------------------
[debug] 
[debug] [2023-03-03T02:47:55.964Z] > command requires scopes: ["email","openid","https://www.googleapis.com/auth/cloudplatformprojects.readonly","https://www.googleapis.com/auth/firebase","https://www.googleapis.com/auth/cloud-platform"]
[debug] [2023-03-03T02:47:55.965Z] > authorizing via signed-in user (asnanp875@gmail.com)
[info] 
     ######## #### ########  ######## ########     ###     ######  ########
     ##        ##  ##     ## ##       ##     ##  ##   ##  ##       ##
     ######    ##  ########  ######   ########  #########  ######  ######
     ##        ##  ##    ##  ##       ##     ## ##     ##       ## ##
     ##       #### ##     ## ######## ########  ##     ##  ######  ########

You're about to initialize a Firebase project in this directory:

  C:\Users\LENOVO\Downloads\iPortfolio\iPortfolio

[info] 
=== Project Setup
[info] 
[info] First, let's associate this project directory with a Firebase project.
[info] You can create multiple project aliases by running firebase use --add, 
[info] but for now we'll just set up a default project.
[info] 
[debug] [2023-03-03T02:48:23.268Z] >>> [apiv2][query] GET https://firebase.googleapis.com/v1beta1/projects pageSize=100
[debug] [2023-03-03T02:48:24.573Z] <<< [apiv2][status] GET https://firebase.googleapis.com/v1beta1/projects 200
[debug] [2023-03-03T02:48:24.573Z] <<< [apiv2][body] GET https://firebase.googleapis.com/v1beta1/projects [omitted]
[info] i  Using project asnan-99e22 (Asnan) 
[info] 
=== Hosting Setup
[info] 
[info] Your public directory is the folder (relative to your project directory) that
[info] will contain Hosting assets to be uploaded with firebase deploy. If you
[info] have a build process for your assets, use your build's output directory.
[info] 
